0 info it worked if it ends with ok
1 verbose cli [ '/usr/local/bin/node', '/usr/local/bin/npm', 'test' ]
2 info using npm@2.15.1
3 info using node@v0.12.7
4 verbose stack Error: Failed to parse json
4 verbose stack Unexpected token 's' at 11:6
4 verbose stack     "start" "--out-dir compiled --presets=es2015,react --ignore=node_modules,co
4 verbose stack      ^
4 verbose stack     at parseError (/usr/local/lib/node_modules/npm/node_modules/read-package-json/read-json.js:379:11)
4 verbose stack     at parseJson (/usr/local/lib/node_modules/npm/node_modules/read-package-json/read-json.js:68:23)
4 verbose stack     at /usr/local/lib/node_modules/npm/node_modules/read-package-json/read-json.js:48:5
4 verbose stack     at /usr/local/lib/node_modules/npm/node_modules/graceful-fs/graceful-fs.js:78:16
4 verbose stack     at fs.js:334:14
4 verbose stack     at /usr/local/lib/node_modules/npm/node_modules/graceful-fs/graceful-fs.js:43:10
4 verbose stack     at FSReqWrap.oncomplete (fs.js:95:15)
5 verbose cwd /Users/El_Gato/Documents/Dev/hackReactor/sprints/2016-09-recast.ly
6 error Darwin 15.6.0
7 error argv "/usr/local/bin/node" "/usr/local/bin/npm" "test"
8 error node v0.12.7
9 error npm  v2.15.1
10 error file /Users/El_Gato/Documents/Dev/hackReactor/sprints/2016-09-recast.ly/package.json
11 error code EJSONPARSE
12 error Failed to parse json
12 error Unexpected token 's' at 11:6
12 error     "start" "--out-dir compiled --presets=es2015,react --ignore=node_modules,co
12 error      ^
13 error File: /Users/El_Gato/Documents/Dev/hackReactor/sprints/2016-09-recast.ly/package.json
14 error Failed to parse package.json data.
14 error package.json must be actual JSON, not just JavaScript.
14 error
14 error This is not a bug in npm.
14 error Tell the package author to fix their package.json file. JSON.parse
15 verbose exit [ 1, true ]
